<?xml version="1.0" encoding="UTF-8"?>
<testng-results ignored="0" total="2" passed="2" failed="0" skipped="0">
  <reporter-output>
  </reporter-output>
  <suite started-at="2023-03-22T20:40:28 PDT" name="Suite" finished-at="2023-03-22T20:40:56 PDT" duration-ms="28022">
    <groups>
    </groups>
    <test started-at="2023-03-22T20:40:28 PDT" name="firefox Test" finished-at="2023-03-22T20:40:49 PDT" duration-ms="21347">
      <class name="seleniumGrid.TestParallel">
        <test-method signature="doSearch(java.lang.String)[pri:0, instance:seleniumGrid.TestParallel@7c137fd5]" started-at="2023-03-22T20:40:28 PDT" name="doSearch" finished-at="2023-03-22T20:40:49 PDT" duration-ms="21135" status="PASS">
          <params>
            <param index="0">
              <value>
                <![CDATA[firefox]]>
              </value>
            </param>
          </params>
          <reporter-output>
          </reporter-output>
        </test-method> <!-- doSearch -->
      </class> <!-- seleniumGrid.TestParallel -->
    </test> <!-- firefox Test -->
    <test started-at="2023-03-22T20:40:28 PDT" name="Chrome Test" finished-at="2023-03-22T20:40:56 PDT" duration-ms="28022">
      <class name="seleniumGrid.TestParallel">
        <test-method signature="doSearch(java.lang.String)[pri:0, instance:seleniumGrid.TestParallel@46cdf8bd]" started-at="2023-03-22T20:40:28 PDT" name="doSearch" finished-at="2023-03-22T20:40:56 PDT" duration-ms="27828" status="PASS">
          <params>
            <param index="0">
              <value>
                <![CDATA[chrome]]>
              </value>
            </param>
          </params>
          <reporter-output>
          </reporter-output>
        </test-method> <!-- doSearch -->
      </class> <!-- seleniumGrid.TestParallel -->
    </test> <!-- Chrome Test -->
  </suite> <!-- Suite -->
</testng-results>
